<?xml version="1.0" encoding="UTF-8"?>
<!-- Generated by org.testng.reporters.JUnitReportReporter -->
<testsuite skipped="0" hostname="EONPC-18" name="SignUpTest" tests="13" failures="0" timestamp="2019-10-07T17:01:02 IST" time="173.742" errors="0">
  <testcase name="emptyPasswordTest" time="14.637" classname="SignUpTest"/>
  <testcase name="emptyEmailTest" time="14.764" classname="SignUpTest"/>
  <testcase name="emptyPhoneTest" time="14.605" classname="SignUpTest"/>
  <testcase name="invalidEmailTest" time="14.236" classname="SignUpTest"/>
  <testcase name="verifyPrivacyPolicyRedirection" time="9.511" classname="SignUpTest"/>
  <testcase name="verifyElemntsOnPageTest" time="8.926" classname="SignUpTest"/>
  <testcase name="verifyTermsRedirection" time="10.129" classname="SignUpTest"/>
  <testcase name="emptyNameTest" time="14.816" classname="SignUpTest"/>
  <testcase name="verifyLoginRedirection" time="7.747" classname="SignUpTest"/>
  <testcase name="uncheckedTerms" time="13.774" classname="SignUpTest"/>
  <testcase name="inValidPhoneTest" time="14.520" classname="SignUpTest"/>
  <testcase name="inValidPasswordTest" time="22.260" classname="SignUpTest"/>
  <testcase name="validRegistrationTest" time="13.817" classname="SignUpTest"/>
</testsuite> <!-- SignUpTest -->
